0 info it worked if it ends with ok
1 verbose cli [ '/usr/local/bin/node',
1 verbose cli   '/usr/local/bin/npm',
1 verbose cli   'install',
1 verbose cli   'THREE' ]
2 info using npm@1.4.28
3 info using node@v0.10.35
4 warn package.json myvoxel@1.0.0 No description
5 warn package.json myvoxel@1.0.0 No README data
6 verbose readDependencies using package.json deps
7 verbose cache add [ 'THREE', null ]
8 verbose cache add name=undefined spec="THREE" args=["THREE",null]
9 verbose parsed url { protocol: null,
9 verbose parsed url   slashes: null,
9 verbose parsed url   auth: null,
9 verbose parsed url   host: null,
9 verbose parsed url   port: null,
9 verbose parsed url   hostname: null,
9 verbose parsed url   hash: null,
9 verbose parsed url   search: null,
9 verbose parsed url   query: null,
9 verbose parsed url   pathname: 'THREE',
9 verbose parsed url   path: 'THREE',
9 verbose parsed url   href: 'THREE' }
10 silly lockFile 03731cad-THREE THREE
11 verbose lock THREE /Users/karen/.npm/03731cad-THREE.lock
12 silly lockFile 03731cad-THREE THREE
13 silly lockFile 03731cad-THREE THREE
14 verbose addNamed [ 'THREE', '' ]
15 verbose addNamed [ null, '*' ]
16 silly lockFile 4282edd7-THREE THREE@
17 verbose lock THREE@ /Users/karen/.npm/4282edd7-THREE.lock
18 silly addNameRange { name: 'THREE', range: '*', hasData: false }
19 verbose request where is /THREE
20 verbose request registry https://registry.npmjs.org/
21 verbose request id dd88a99dbfcc83f0
22 verbose url raw /THREE
23 verbose url resolving [ 'https://registry.npmjs.org/', './THREE' ]
24 verbose url resolved https://registry.npmjs.org/THREE
25 verbose request where is https://registry.npmjs.org/THREE
26 info trying registry request attempt 1 at 19:51:35
27 verbose etag "5Y2S73ATMCBRG9UMIK2AZ0EMV"
28 http GET https://registry.npmjs.org/THREE
29 http 404 https://registry.npmjs.org/THREE
30 verbose headers { date: 'Tue, 31 Mar 2015 23:51:35 GMT',
30 verbose headers   server: 'CouchDB/1.5.0 (Erlang OTP/R16B03)',
30 verbose headers   'content-type': 'application/json',
30 verbose headers   'cache-control': 'max-age=0',
30 verbose headers   'content-length': '51',
30 verbose headers   'accept-ranges': 'bytes',
30 verbose headers   via: '1.1 varnish',
30 verbose headers   age: '0',
30 verbose headers   'x-served-by': 'cache-jfk1035-JFK',
30 verbose headers   'x-cache': 'MISS',
30 verbose headers   'x-cache-hits': '0',
30 verbose headers   'x-timer': 'S1427845895.191005,VS0,VE20',
30 verbose headers   'keep-alive': 'timeout=10, max=50',
30 verbose headers   connection: 'Keep-Alive' }
31 silly registry.get cb [ 304, undefined ]
32 verbose etag https://registry.npmjs.org/THREE from cache
33 silly addNameRange number 2 { name: 'THREE', range: '*', hasData: true }
34 silly addNameRange versions [ 'three',
34 silly addNameRange   [ '0.54.0-dev',
34 silly addNameRange     '0.54.1-dev',
34 silly addNameRange     '0.54.2-dev',
34 silly addNameRange     '0.54.3-dev',
34 silly addNameRange     '0.54.4-dev',
34 silly addNameRange     '0.54.5-dev',
34 silly addNameRange     '0.54.6-dev',
34 silly addNameRange     '0.54.7-dev',
34 silly addNameRange     '0.54.8-dev',
34 silly addNameRange     '0.54.9-dev',
34 silly addNameRange     '0.54.10-dev',
34 silly addNameRange     '0.54.11-dev',
34 silly addNameRange     '0.54.12-dev',
34 silly addNameRange     '0.54.0',
34 silly addNameRange     '0.55.0',
34 silly addNameRange     '0.56.0',
34 silly addNameRange     '0.56.1',
34 silly addNameRange     '0.56.2',
34 silly addNameRange     '0.56.3',
34 silly addNameRange     '0.56.4',
34 silly addNameRange     '0.58.1',
34 silly addNameRange     '0.58.2',
34 silly addNameRange     '0.58.3',
34 silly addNameRange     '0.58.4',
34 silly addNameRange     '0.58.5',
34 silly addNameRange     '0.58.6',
34 silly addNameRange     '0.56.7',
34 silly addNameRange     '0.58.7',
34 silly addNameRange     '0.58.8',
34 silly addNameRange     '0.58.9',
34 silly addNameRange     '0.58.10',
34 silly addNameRange     '0.66.0',
34 silly addNameRange     '0.66.1',
34 silly addNameRange     '0.66.2',
34 silly addNameRange     '0.67.0',
34 silly addNameRange     '0.68.0',
34 silly addNameRange     '0.66.6',
34 silly addNameRange     '0.66.7',
34 silly addNameRange     '0.66.8',
34 silly addNameRange     '0.66.9',
34 silly addNameRange     '0.66.10',
34 silly addNameRange     '0.66.11',
34 silly addNameRange     '0.66.12',
34 silly addNameRange     '0.66.13',
34 silly addNameRange     '0.66.14',
34 silly addNameRange     '0.66.15',
34 silly addNameRange     '0.66.16',
34 silly addNameRange     '0.66.17',
34 silly addNameRange     '0.66.18',
34 silly addNameRange     '0.66.19',
34 silly addNameRange     '0.69.0',
34 silly addNameRange     '0.66.20',
34 silly addNameRange     '0.66.21',
34 silly addNameRange     '0.66.22',
34 silly addNameRange     '0.66.23',
34 silly addNameRange     '0.66.24',
34 silly addNameRange     '0.66.25',
34 silly addNameRange     '0.66.26',
34 silly addNameRange     '0.66.27',
34 silly addNameRange     '0.66.28',
34 silly addNameRange     '0.66.29',
34 silly addNameRange     '0.66.30',
34 silly addNameRange     '0.66.31',
34 silly addNameRange     '0.66.32-dev',
34 silly addNameRange     '0.66.35',
34 silly addNameRange     '0.66.36',
34 silly addNameRange     '0.66.37',
34 silly addNameRange     '0.66.38',
34 silly addNameRange     '0.66.39',
34 silly addNameRange     '0.66.40',
34 silly addNameRange     '0.70.0',
34 silly addNameRange     '0.66.41',
34 silly addNameRange     '0.66.42',
34 silly addNameRange     '0.66.43',
34 silly addNameRange     '0.66.45',
34 silly addNameRange     '0.66.46' ] ]
35 verbose addNamed [ 'THREE', '0.70.0' ]
36 verbose addNamed [ '0.70.0', '0.70.0' ]
37 silly lockFile 2ca36e01-THREE-0-70-0 THREE@0.70.0
38 verbose lock THREE@0.70.0 /Users/karen/.npm/2ca36e01-THREE-0-70-0.lock
39 silly lockFile 0e9e08c8-npmjs-org-three-three-0-70-0-tgz https://registry.npmjs.org/three/-/three-0.70.0.tgz
40 verbose lock https://registry.npmjs.org/three/-/three-0.70.0.tgz /Users/karen/.npm/0e9e08c8-npmjs-org-three-three-0-70-0-tgz.lock
41 verbose addRemoteTarball [ 'https://registry.npmjs.org/three/-/three-0.70.0.tgz',
41 verbose addRemoteTarball   '2f10a1d407cb6e6e70596136e86045f88d36e31c' ]
42 info retry fetch attempt 1 at 19:51:35
43 verbose fetch to= /var/folders/ql/625wlw4n07v_n3vwzjvxzg8m0000gn/T/npm-18490-h9Y5166R/registry.npmjs.org/three/-/three-0.70.0.tgz
44 http GET https://registry.npmjs.org/three/-/three-0.70.0.tgz
45 http 200 https://registry.npmjs.org/three/-/three-0.70.0.tgz
46 silly lockFile 0e9e08c8-npmjs-org-three-three-0-70-0-tgz https://registry.npmjs.org/three/-/three-0.70.0.tgz
47 silly lockFile 0e9e08c8-npmjs-org-three-three-0-70-0-tgz https://registry.npmjs.org/three/-/three-0.70.0.tgz
48 silly lockFile 2ca36e01-THREE-0-70-0 THREE@0.70.0
49 silly lockFile 2ca36e01-THREE-0-70-0 THREE@0.70.0
50 silly lockFile 4282edd7-THREE THREE@
51 silly lockFile 4282edd7-THREE THREE@
52 error Error: EACCES, mkdir '/Users/karen/.npm/three/0.70.0'
52 error  { [Error: EACCES, mkdir '/Users/karen/.npm/three/0.70.0']
52 error   errno: 3,
52 error   code: 'EACCES',
52 error   path: '/Users/karen/.npm/three/0.70.0',
52 error   parent: 'myvoxel' }
53 error Please try running this command again as root/Administrator.
54 error System Darwin 14.1.0
55 error command "/usr/local/bin/node" "/usr/local/bin/npm" "install" "THREE"
56 error cwd /Users/karen/Documents/my_project/myvoxel
57 error node -v v0.10.35
58 error npm -v 1.4.28
59 error path /Users/karen/.npm/three/0.70.0
60 error code EACCES
61 error errno 3
62 error stack Error: EACCES, mkdir '/Users/karen/.npm/three/0.70.0'
63 verbose exit [ 3, true ]
